<?xml version="1.0" encoding="UTF-8"?>
<!-- Generated by org.testng.reporters.JUnitXMLReporter -->
<testsuite ignored="8" hostname="SC-AD-LA-1706" failures="0" tests="2" name="Test" time="28.875" errors="0" timestamp="2024-02-13T18:37:34 GST">
  <testcase classname="TestCases.QALegendTestCases" name="loginCRM" time="2.142"/>
  <testcase classname="TestCases.QALegendTestCases" name="addEvent" time="6.884"/>
  <testcase classname="TestCases.QALegendTestCases" name="clockInOrOutMembers" time="0.0">
    <ignored/>
  </testcase> <!-- clockInOrOutMembers -->
  <testcase classname="TestCases.QALegendTestCases" name="applyLeave" time="0.0">
    <ignored/>
  </testcase> <!-- applyLeave -->
  <testcase classname="TestCases.QALegendTestCases" name="projectStatusDropdown" time="0.0">
    <ignored/>
  </testcase> <!-- projectStatusDropdown -->
  <testcase classname="TestCases.QALegendTestCases" name="addItems" time="0.0">
    <ignored/>
  </testcase> <!-- addItems -->
  <testcase classname="TestCases.QALegendTestCases" name="addAnnouncement" time="0.0">
    <ignored/>
  </testcase> <!-- addAnnouncement -->
  <testcase classname="TestCases.QALegendTestCases" name="testChatBoxFunctionality" time="0.0">
    <ignored/>
  </testcase> <!-- testChatBoxFunctionality -->
  <testcase classname="TestCases.QALegendTestCases" name="incomeVsExpenses" time="0.0">
    <ignored/>
  </testcase> <!-- incomeVsExpenses -->
  <testcase classname="TestCases.QALegendTestCases" name="Tickets" time="0.0">
    <ignored/>
  </testcase> <!-- Tickets -->
</testsuite> <!-- Test -->
