<?xml version="1.0" encoding="UTF-8"?>
<testng-results ignored="0" total="10" passed="10" failed="0" skipped="0">
  <reporter-output>
  </reporter-output>
  <suite started-at="2024-02-12T21:41:05 GST" name="Suite" finished-at="2024-02-12T21:44:15 GST" duration-ms="189484">
    <groups>
      <group name="Regression">
        <method signature="QALegendTestCases.applyLeave()[pri:7, instance:TestCases.QALegendTestCases@b62d79]" name="applyLeave" class="TestCases.QALegendTestCases"/>
        <method signature="QALegendTestCases.clockInOrOutMembers()[pri:10, instance:TestCases.QALegendTestCases@b62d79]" name="clockInOrOutMembers" class="TestCases.QALegendTestCases"/>
        <method signature="QALegendTestCases.loginCRM()[pri:1, instance:TestCases.QALegendTestCases@b62d79]" name="loginCRM" class="TestCases.QALegendTestCases"/>
        <method signature="QALegendTestCases.projectStatusDropdown()[pri:3, instance:TestCases.QALegendTestCases@b62d79]" name="projectStatusDropdown" class="TestCases.QALegendTestCases"/>
        <method signature="QALegendTestCases.testChatBoxFunctionality()[pri:2, instance:TestCases.QALegendTestCases@b62d79]" name="testChatBoxFunctionality" class="TestCases.QALegendTestCases"/>
      </group> <!-- Regression -->
      <group name="Smoketest">
        <method signature="QALegendTestCases.Tickets()[pri:5, instance:TestCases.QALegendTestCases@b62d79]" name="Tickets" class="TestCases.QALegendTestCases"/>
        <method signature="QALegendTestCases.addAnnouncement()[pri:6, instance:TestCases.QALegendTestCases@b62d79]" name="addAnnouncement" class="TestCases.QALegendTestCases"/>
        <method signature="QALegendTestCases.addEvent()[pri:8, instance:TestCases.QALegendTestCases@b62d79]" name="addEvent" class="TestCases.QALegendTestCases"/>
        <method signature="QALegendTestCases.addItems()[pri:4, instance:TestCases.QALegendTestCases@b62d79]" name="addItems" class="TestCases.QALegendTestCases"/>
        <method signature="QALegendTestCases.incomeVsExpenses()[pri:9, instance:TestCases.QALegendTestCases@b62d79]" name="incomeVsExpenses" class="TestCases.QALegendTestCases"/>
      </group> <!-- Smoketest -->
    </groups>
    <test started-at="2024-02-12T21:41:05 GST" name="Test" finished-at="2024-02-12T21:44:15 GST" duration-ms="189484">
      <class name="TestCases.QALegendTestCases">
        <test-method is-config="true" signature="initialization(java.lang.String)[pri:0, instance:TestCases.QALegendTestCases@b62d79]" started-at="2024-02-12T21:41:05 GST" name="initialization" finished-at="2024-02-12T21:41:25 GST" duration-ms="19955" status="PASS">
          <params>
            <param index="0">
              <value>
                <![CDATA[Chrome]]>
              </value>
            </param>
          </params>
          <reporter-output>
          </reporter-output>
        </test-method> <!-- initialization -->
        <test-method signature="loginCRM()[pri:1, instance:TestCases.QALegendTestCases@b62d79]" started-at="2024-02-12T21:41:25 GST" name="loginCRM" finished-at="2024-02-12T21:41:27 GST" duration-ms="1810" status="PASS">
          <reporter-output>
          </reporter-output>
        </test-method> <!-- loginCRM -->
        <test-method is-config="true" signature="tearDown()[pri:0, instance:TestCases.QALegendTestCases@b62d79]" started-at="2024-02-12T21:41:27 GST" name="tearDown" finished-at="2024-02-12T21:41:28 GST" duration-ms="439" status="PASS">
          <reporter-output>
          </reporter-output>
        </test-method> <!-- tearDown -->
        <test-method is-config="true" signature="initialization(java.lang.String)[pri:0, instance:TestCases.QALegendTestCases@b62d79]" started-at="2024-02-12T21:41:28 GST" name="initialization" finished-at="2024-02-12T21:41:37 GST" duration-ms="9807" status="PASS">
          <params>
            <param index="0">
              <value>
                <![CDATA[Chrome]]>
              </value>
            </param>
          </params>
          <reporter-output>
          </reporter-output>
        </test-method> <!-- initialization -->
        <test-method signature="testChatBoxFunctionality()[pri:2, instance:TestCases.QALegendTestCases@b62d79]" started-at="2024-02-12T21:41:37 GST" name="testChatBoxFunctionality" finished-at="2024-02-12T21:41:42 GST" duration-ms="4712" status="PASS">
          <reporter-output>
          </reporter-output>
        </test-method> <!-- testChatBoxFunctionality -->
        <test-method is-config="true" signature="tearDown()[pri:0, instance:TestCases.QALegendTestCases@b62d79]" started-at="2024-02-12T21:41:42 GST" name="tearDown" finished-at="2024-02-12T21:41:43 GST" duration-ms="491" status="PASS">
          <reporter-output>
          </reporter-output>
        </test-method> <!-- tearDown -->
        <test-method is-config="true" signature="initialization(java.lang.String)[pri:0, instance:TestCases.QALegendTestCases@b62d79]" started-at="2024-02-12T21:41:43 GST" name="initialization" finished-at="2024-02-12T21:41:55 GST" duration-ms="12098" status="PASS">
          <params>
            <param index="0">
              <value>
                <![CDATA[Chrome]]>
              </value>
            </param>
          </params>
          <reporter-output>
          </reporter-output>
        </test-method> <!-- initialization -->
        <test-method signature="projectStatusDropdown()[pri:3, instance:TestCases.QALegendTestCases@b62d79]" started-at="2024-02-12T21:41:55 GST" name="projectStatusDropdown" finished-at="2024-02-12T21:42:00 GST" duration-ms="5165" status="PASS">
          <reporter-output>
          </reporter-output>
        </test-method> <!-- projectStatusDropdown -->
        <test-method is-config="true" signature="tearDown()[pri:0, instance:TestCases.QALegendTestCases@b62d79]" started-at="2024-02-12T21:42:00 GST" name="tearDown" finished-at="2024-02-12T21:42:00 GST" duration-ms="372" status="PASS">
          <reporter-output>
          </reporter-output>
        </test-method> <!-- tearDown -->
        <test-method is-config="true" signature="initialization(java.lang.String)[pri:0, instance:TestCases.QALegendTestCases@b62d79]" started-at="2024-02-12T21:42:00 GST" name="initialization" finished-at="2024-02-12T21:42:11 GST" duration-ms="10451" status="PASS">
          <params>
            <param index="0">
              <value>
                <![CDATA[Chrome]]>
              </value>
            </param>
          </params>
          <reporter-output>
          </reporter-output>
        </test-method> <!-- initialization -->
        <test-method signature="addItems()[pri:4, instance:TestCases.QALegendTestCases@b62d79]" started-at="2024-02-12T21:42:11 GST" name="addItems" finished-at="2024-02-12T21:42:18 GST" duration-ms="7099" status="PASS">
          <reporter-output>
          </reporter-output>
        </test-method> <!-- addItems -->
        <test-method is-config="true" signature="tearDown()[pri:0, instance:TestCases.QALegendTestCases@b62d79]" started-at="2024-02-12T21:42:18 GST" name="tearDown" finished-at="2024-02-12T21:42:18 GST" duration-ms="368" status="PASS">
          <reporter-output>
          </reporter-output>
        </test-method> <!-- tearDown -->
        <test-method is-config="true" signature="initialization(java.lang.String)[pri:0, instance:TestCases.QALegendTestCases@b62d79]" started-at="2024-02-12T21:42:18 GST" name="initialization" finished-at="2024-02-12T21:42:28 GST" duration-ms="9909" status="PASS">
          <params>
            <param index="0">
              <value>
                <![CDATA[Chrome]]>
              </value>
            </param>
          </params>
          <reporter-output>
          </reporter-output>
        </test-method> <!-- initialization -->
        <test-method signature="Tickets()[pri:5, instance:TestCases.QALegendTestCases@b62d79]" started-at="2024-02-12T21:42:28 GST" name="Tickets" finished-at="2024-02-12T21:42:38 GST" duration-ms="9431" status="PASS">
          <reporter-output>
          </reporter-output>
        </test-method> <!-- Tickets -->
        <test-method is-config="true" signature="tearDown()[pri:0, instance:TestCases.QALegendTestCases@b62d79]" started-at="2024-02-12T21:42:38 GST" name="tearDown" finished-at="2024-02-12T21:42:38 GST" duration-ms="405" status="PASS">
          <reporter-output>
          </reporter-output>
        </test-method> <!-- tearDown -->
        <test-method is-config="true" signature="initialization(java.lang.String)[pri:0, instance:TestCases.QALegendTestCases@b62d79]" started-at="2024-02-12T21:42:38 GST" name="initialization" finished-at="2024-02-12T21:42:48 GST" duration-ms="9789" status="PASS">
          <params>
            <param index="0">
              <value>
                <![CDATA[Chrome]]>
              </value>
            </param>
          </params>
          <reporter-output>
          </reporter-output>
        </test-method> <!-- initialization -->
        <test-method signature="addAnnouncement()[pri:6, instance:TestCases.QALegendTestCases@b62d79]" started-at="2024-02-12T21:42:48 GST" name="addAnnouncement" finished-at="2024-02-12T21:43:00 GST" duration-ms="12561" status="PASS">
          <reporter-output>
          </reporter-output>
        </test-method> <!-- addAnnouncement -->
        <test-method is-config="true" signature="tearDown()[pri:0, instance:TestCases.QALegendTestCases@b62d79]" started-at="2024-02-12T21:43:00 GST" name="tearDown" finished-at="2024-02-12T21:43:01 GST" duration-ms="449" status="PASS">
          <reporter-output>
          </reporter-output>
        </test-method> <!-- tearDown -->
        <test-method is-config="true" signature="initialization(java.lang.String)[pri:0, instance:TestCases.QALegendTestCases@b62d79]" started-at="2024-02-12T21:43:01 GST" name="initialization" finished-at="2024-02-12T21:43:11 GST" duration-ms="9855" status="PASS">
          <params>
            <param index="0">
              <value>
                <![CDATA[Chrome]]>
              </value>
            </param>
          </params>
          <reporter-output>
          </reporter-output>
        </test-method> <!-- initialization -->
        <test-method signature="applyLeave()[pri:7, instance:TestCases.QALegendTestCases@b62d79]" started-at="2024-02-12T21:43:11 GST" name="applyLeave" finished-at="2024-02-12T21:43:16 GST" duration-ms="5517" status="PASS">
          <reporter-output>
          </reporter-output>
        </test-method> <!-- applyLeave -->
        <test-method is-config="true" signature="tearDown()[pri:0, instance:TestCases.QALegendTestCases@b62d79]" started-at="2024-02-12T21:43:16 GST" name="tearDown" finished-at="2024-02-12T21:43:17 GST" duration-ms="532" status="PASS">
          <reporter-output>
          </reporter-output>
        </test-method> <!-- tearDown -->
        <test-method is-config="true" signature="initialization(java.lang.String)[pri:0, instance:TestCases.QALegendTestCases@b62d79]" started-at="2024-02-12T21:43:17 GST" name="initialization" finished-at="2024-02-12T21:43:28 GST" duration-ms="11319" status="PASS">
          <params>
            <param index="0">
              <value>
                <![CDATA[Chrome]]>
              </value>
            </param>
          </params>
          <reporter-output>
          </reporter-output>
        </test-method> <!-- initialization -->
        <test-method signature="addEvent()[pri:8, instance:TestCases.QALegendTestCases@b62d79]" started-at="2024-02-12T21:43:28 GST" name="addEvent" finished-at="2024-02-12T21:43:34 GST" duration-ms="5547" status="PASS">
          <reporter-output>
          </reporter-output>
        </test-method> <!-- addEvent -->
        <test-method is-config="true" signature="tearDown()[pri:0, instance:TestCases.QALegendTestCases@b62d79]" started-at="2024-02-12T21:43:34 GST" name="tearDown" finished-at="2024-02-12T21:43:34 GST" duration-ms="441" status="PASS">
          <reporter-output>
          </reporter-output>
        </test-method> <!-- tearDown -->
        <test-method is-config="true" signature="initialization(java.lang.String)[pri:0, instance:TestCases.QALegendTestCases@b62d79]" started-at="2024-02-12T21:43:34 GST" name="initialization" finished-at="2024-02-12T21:43:44 GST" duration-ms="10118" status="PASS">
          <params>
            <param index="0">
              <value>
                <![CDATA[Chrome]]>
              </value>
            </param>
          </params>
          <reporter-output>
          </reporter-output>
        </test-method> <!-- initialization -->
        <test-method signature="incomeVsExpenses()[pri:9, instance:TestCases.QALegendTestCases@b62d79]" started-at="2024-02-12T21:43:44 GST" name="incomeVsExpenses" finished-at="2024-02-12T21:43:56 GST" duration-ms="12277" status="PASS">
          <reporter-output>
          </reporter-output>
        </test-method> <!-- incomeVsExpenses -->
        <test-method is-config="true" signature="tearDown()[pri:0, instance:TestCases.QALegendTestCases@b62d79]" started-at="2024-02-12T21:43:56 GST" name="tearDown" finished-at="2024-02-12T21:43:57 GST" duration-ms="672" status="PASS">
          <reporter-output>
          </reporter-output>
        </test-method> <!-- tearDown -->
        <test-method is-config="true" signature="initialization(java.lang.String)[pri:0, instance:TestCases.QALegendTestCases@b62d79]" started-at="2024-02-12T21:43:57 GST" name="initialization" finished-at="2024-02-12T21:44:08 GST" duration-ms="10948" status="PASS">
          <params>
            <param index="0">
              <value>
                <![CDATA[Chrome]]>
              </value>
            </param>
          </params>
          <reporter-output>
          </reporter-output>
        </test-method> <!-- initialization -->
        <test-method signature="clockInOrOutMembers()[pri:10, instance:TestCases.QALegendTestCases@b62d79]" started-at="2024-02-12T21:44:08 GST" name="clockInOrOutMembers" finished-at="2024-02-12T21:44:14 GST" duration-ms="6443" status="PASS">
          <reporter-output>
          </reporter-output>
        </test-method> <!-- clockInOrOutMembers -->
        <test-method is-config="true" signature="tearDown()[pri:0, instance:TestCases.QALegendTestCases@b62d79]" started-at="2024-02-12T21:44:14 GST" name="tearDown" finished-at="2024-02-12T21:44:15 GST" duration-ms="435" status="PASS">
          <reporter-output>
          </reporter-output>
        </test-method> <!-- tearDown -->
      </class> <!-- TestCases.QALegendTestCases -->
    </test> <!-- Test -->
  </suite> <!-- Suite -->
</testng-results>
